\BOOKMARK [0][-]{section*.1}{Abstract}{}% 1
\BOOKMARK [0][-]{section*.2}{Acknowledgements}{}% 2
\BOOKMARK [0][-]{section*.3}{Preface}{}% 3
\BOOKMARK [0][-]{section*.4}{Table of Contents}{}% 4
\BOOKMARK [0][-]{section*.5}{List of Figures}{}% 5
\BOOKMARK [0][-]{section*.6}{List of Tables}{}% 6
\BOOKMARK [0][-]{chapter.1}{Introduction}{}% 7
\BOOKMARK [1][-]{section.1.1}{The Abraham-Minkowski momentum}{chapter.1}% 8
\BOOKMARK [1][-]{section.1.2}{The HMW phase}{chapter.1}% 9
\BOOKMARK [1][-]{section.1.3}{This Thesis}{chapter.1}% 10
\BOOKMARK [0][-]{chapter.2}{Classical Forces}{}% 11
\BOOKMARK [1][-]{section.2.1}{Introduction}{chapter.2}% 12
\BOOKMARK [1][-]{section.2.2}{The Classical Force on an Atom}{chapter.2}% 13
\BOOKMARK [1][-]{section.2.3}{Forces in Matter}{chapter.2}% 14
\BOOKMARK [1][-]{section.2.4}{The Energy-Momentum Tensor}{chapter.2}% 15
\BOOKMARK [0][-]{chapter.3}{Interferometry}{}% 16
\BOOKMARK [1][-]{section.3.1}{Introduction}{chapter.3}% 17
\BOOKMARK [1][-]{section.3.2}{Path Integrals}{chapter.3}% 18
\BOOKMARK [2][-]{subsection.3.2.1}{Classical Mechanics}{section.3.2}% 19
\BOOKMARK [2][-]{subsection.3.2.2}{The Quantum Propagator}{section.3.2}% 20
\BOOKMARK [2][-]{subsection.3.2.3}{Perturbations}{section.3.2}% 21
\BOOKMARK [1][-]{section.3.3}{The Mach-Zehnder Interferometer}{chapter.3}% 22
\BOOKMARK [1][-]{section.3.4}{The Kapitza-Dirac Interferometer}{chapter.3}% 23
\BOOKMARK [1][-]{section.3.5}{Laguerre Beams}{chapter.3}% 24
\BOOKMARK [1][-]{section.3.6}{Summary and Conclusions}{chapter.3}% 25
\BOOKMARK [0][-]{chapter.4}{Quantum Representations}{}% 26
\BOOKMARK [1][-]{section.4.1}{Introduction}{chapter.4}% 27
\BOOKMARK [1][-]{section.4.2}{The Abraham/Minkowski representation}{chapter.4}% 28
\BOOKMARK [1][-]{section.4.3}{Conclusion}{chapter.4}% 29
\BOOKMARK [0][-]{chapter.5}{Cavity Momentum}{}% 30
\BOOKMARK [1][-]{section.5.1}{Introduction}{chapter.5}% 31
\BOOKMARK [1][-]{section.5.2}{-function dielectric model}{chapter.5}% 32
\BOOKMARK [1][-]{section.5.3}{Analytic Results}{chapter.5}% 33
\BOOKMARK [1][-]{section.5.4}{The Force on an atom in a cavity}{chapter.5}% 34
\BOOKMARK [1][-]{section.5.5}{Energy and Momentum}{chapter.5}% 35
\BOOKMARK [1][-]{section.5.6}{Experimental Ambiguity}{chapter.5}% 36
\BOOKMARK [1][-]{section.5.7}{Conclusion}{chapter.5}% 37
\BOOKMARK [1][-]{section.5.8}{A Connecting the Maxwell Stress Tensor and the Dipole Force}{chapter.5}% 38
\BOOKMARK [0][-]{chapter.6}{Conclusions and Outlook}{}% 39
\BOOKMARK [1][-]{section.6.1}{Conclusions}{chapter.6}% 40
\BOOKMARK [1][-]{section.6.2}{Future Directions}{chapter.6}% 41
\BOOKMARK [0][-]{Appendix.1.A}{Appendix Appendix to Chapter 2}{}% 42
\BOOKMARK [1][-]{section.1.A.1}{Appendix:Abraham Representation Expansion}{Appendix.1.A}% 43
\BOOKMARK [1][-]{section.1.A.2}{Appendix: The G\366ppert-Mayer Transformation }{Appendix.1.A}% 44
\BOOKMARK [1][-]{section.1.A.3}{Appendix: Gauge Transformation - Direct Coupling}{Appendix.1.A}% 45
\BOOKMARK [0][-]{Appendix.1.B}{Appendix Appendix to Chapter 3}{}% 46
\BOOKMARK [1][-]{section.1.B.1}{Section 1 of Appendix 2}{Appendix.1.B}% 47
\BOOKMARK [1][-]{section.1.B.2}{Section 2 of Appendix 2}{Appendix.1.B}% 48
\BOOKMARK [0][-]{section*.28}{Bibliography}{}% 49
\BOOKMARK [0][-]{section*.29}{Index}{}% 50
